<?xml version="1.0" encoding="UTF-8"?>
<coverage generated="1679314798053" clover="3.2.0">
  <project timestamp="1679314798053" name="All files">
    <metrics statements="190" coveredstatements="190" conditionals="50" coveredconditionals="50" methods="11" coveredmethods="11" elements="251" coveredelements="251" complexity="0" loc="190" ncloc="190" packages="1" files="2" classes="2"/>
    <file name="PercentageCircle.tsx" path="C:\Users\lucas\OneDrive\Documentos\react-percentage-circle\src\PercentageCircle.tsx">
      <metrics statements="173" coveredstatements="173" conditionals="47" coveredconditionals="47" methods="8" coveredmethods="8"/>
      <line num="1" count="1" type="stmt"/>
      <line num="2" count="1" type="stmt"/>
      <line num="3" count="1" type="stmt"/>
      <line num="4" count="1" type="stmt"/>
      <line num="5" count="1" type="stmt"/>
      <line num="6" count="1" type="stmt"/>
      <line num="7" count="1" type="stmt"/>
      <line num="8" count="1" type="stmt"/>
      <line num="9" count="1" type="stmt"/>
      <line num="10" count="1" type="cond" truecount="1" falsecount="0"/>
      <line num="11" count="29" type="stmt"/>
      <line num="12" count="29" type="stmt"/>
      <line num="13" count="29" type="stmt"/>
      <line num="14" count="29" type="stmt"/>
      <line num="15" count="29" type="stmt"/>
      <line num="16" count="29" type="stmt"/>
      <line num="17" count="29" type="stmt"/>
      <line num="18" count="29" type="stmt"/>
      <line num="19" count="29" type="stmt"/>
      <line num="20" count="29" type="stmt"/>
      <line num="21" count="29" type="stmt"/>
      <line num="22" count="29" type="stmt"/>
      <line num="23" count="29" type="stmt"/>
      <line num="24" count="29" type="stmt"/>
      <line num="25" count="29" type="stmt"/>
      <line num="26" count="29" type="stmt"/>
      <line num="27" count="29" type="stmt"/>
      <line num="28" count="29" type="stmt"/>
      <line num="29" count="29" type="stmt"/>
      <line num="30" count="29" type="stmt"/>
      <line num="31" count="29" type="stmt"/>
      <line num="32" count="29" type="stmt"/>
      <line num="33" count="29" type="cond" truecount="2" falsecount="0"/>
      <line num="34" count="29" type="stmt"/>
      <line num="35" count="29" type="stmt"/>
      <line num="36" count="29" type="cond" truecount="1" falsecount="0"/>
      <line num="37" count="20" type="cond" truecount="2" falsecount="0"/>
      <line num="38" count="2" type="stmt"/>
      <line num="39" count="2" type="stmt"/>
      <line num="40" count="2" type="stmt"/>
      <line num="41" count="2" type="cond" truecount="1" falsecount="0"/>
      <line num="42" count="40" type="cond" truecount="1" falsecount="0"/>
      <line num="43" count="2" type="stmt"/>
      <line num="44" count="2" type="stmt"/>
      <line num="45" count="2" type="cond" truecount="1" falsecount="0"/>
      <line num="46" count="29" type="stmt"/>
      <line num="47" count="29" type="stmt"/>
      <line num="48" count="29" type="cond" truecount="1" falsecount="0"/>
      <line num="49" count="25" type="cond" truecount="1" falsecount="0"/>
      <line num="50" count="25" type="cond" truecount="1" falsecount="0"/>
      <line num="51" count="29" type="stmt"/>
      <line num="52" count="29" type="stmt"/>
      <line num="53" count="29" type="cond" truecount="1" falsecount="0"/>
      <line num="54" count="21" type="cond" truecount="2" falsecount="0"/>
      <line num="55" count="19" type="stmt"/>
      <line num="56" count="29" type="stmt"/>
      <line num="57" count="29" type="stmt"/>
      <line num="58" count="29" type="stmt"/>
      <line num="59" count="29" type="stmt"/>
      <line num="60" count="29" type="cond" truecount="1" falsecount="0"/>
      <line num="61" count="25" type="stmt"/>
      <line num="62" count="25" type="stmt"/>
      <line num="63" count="25" type="stmt"/>
      <line num="64" count="25" type="stmt"/>
      <line num="65" count="25" type="stmt"/>
      <line num="66" count="25" type="stmt"/>
      <line num="67" count="25" type="stmt"/>
      <line num="68" count="29" type="stmt"/>
      <line num="69" count="29" type="stmt"/>
      <line num="70" count="29" type="cond" truecount="1" falsecount="0"/>
      <line num="71" count="58" type="stmt"/>
      <line num="72" count="58" type="stmt"/>
      <line num="73" count="58" type="stmt"/>
      <line num="74" count="58" type="stmt"/>
      <line num="75" count="58" type="stmt"/>
      <line num="76" count="58" type="stmt"/>
      <line num="77" count="58" type="cond" truecount="2" falsecount="0"/>
      <line num="78" count="58" type="cond" truecount="2" falsecount="0"/>
      <line num="79" count="58" type="stmt"/>
      <line num="80" count="58" type="stmt"/>
      <line num="81" count="58" type="stmt"/>
      <line num="82" count="58" type="stmt"/>
      <line num="83" count="58" type="stmt"/>
      <line num="84" count="58" type="stmt"/>
      <line num="85" count="58" type="stmt"/>
      <line num="86" count="58" type="stmt"/>
      <line num="87" count="58" type="stmt"/>
      <line num="88" count="58" type="stmt"/>
      <line num="89" count="58" type="stmt"/>
      <line num="90" count="58" type="stmt"/>
      <line num="91" count="58" type="cond" truecount="1" falsecount="0"/>
      <line num="92" count="29" type="cond" truecount="1" falsecount="0"/>
      <line num="93" count="29" type="cond" truecount="1" falsecount="0"/>
      <line num="94" count="58" type="stmt"/>
      <line num="95" count="58" type="stmt"/>
      <line num="96" count="29" type="stmt"/>
      <line num="97" count="29" type="stmt"/>
      <line num="98" count="29" type="cond" truecount="1" falsecount="0"/>
      <line num="99" count="20" type="stmt"/>
      <line num="100" count="29" type="stmt"/>
      <line num="101" count="29" type="stmt"/>
      <line num="102" count="29" type="cond" truecount="1" falsecount="0"/>
      <line num="103" count="25" type="cond" truecount="1" falsecount="0"/>
      <line num="104" count="25" type="cond" truecount="2" falsecount="0"/>
      <line num="105" count="5" type="stmt"/>
      <line num="106" count="5" type="cond" truecount="1" falsecount="0"/>
      <line num="107" count="29" type="stmt"/>
      <line num="108" count="29" type="stmt"/>
      <line num="109" count="29" type="cond" truecount="1" falsecount="0"/>
      <line num="110" count="22" type="cond" truecount="2" falsecount="0"/>
      <line num="111" count="18" type="stmt"/>
      <line num="112" count="29" type="stmt"/>
      <line num="113" count="29" type="stmt"/>
      <line num="114" count="29" type="cond" truecount="1" falsecount="0"/>
      <line num="115" count="3" type="cond" truecount="1" falsecount="0"/>
      <line num="116" count="3" type="cond" truecount="1" falsecount="0"/>
      <line num="117" count="3" type="stmt"/>
      <line num="118" count="29" type="stmt"/>
      <line num="119" count="29" type="cond" truecount="1" falsecount="0"/>
      <line num="120" count="2" type="cond" truecount="1" falsecount="0"/>
      <line num="121" count="2" type="cond" truecount="1" falsecount="0"/>
      <line num="122" count="2" type="stmt"/>
      <line num="123" count="29" type="stmt"/>
      <line num="124" count="29" type="cond" truecount="1" falsecount="0"/>
      <line num="125" count="2" type="cond" truecount="1" falsecount="0"/>
      <line num="126" count="2" type="stmt"/>
      <line num="127" count="29" type="stmt"/>
      <line num="128" count="29" type="stmt"/>
      <line num="129" count="29" type="stmt"/>
      <line num="130" count="29" type="stmt"/>
      <line num="131" count="29" type="stmt"/>
      <line num="132" count="29" type="stmt"/>
      <line num="133" count="29" type="stmt"/>
      <line num="134" count="29" type="stmt"/>
      <line num="135" count="29" type="stmt"/>
      <line num="136" count="29" type="stmt"/>
      <line num="137" count="29" type="stmt"/>
      <line num="138" count="29" type="cond" truecount="1" falsecount="0"/>
      <line num="139" count="29" type="stmt"/>
      <line num="140" count="29" type="stmt"/>
      <line num="141" count="29" type="stmt"/>
      <line num="142" count="29" type="stmt"/>
      <line num="143" count="29" type="stmt"/>
      <line num="144" count="29" type="stmt"/>
      <line num="145" count="29" type="stmt"/>
      <line num="146" count="29" type="stmt"/>
      <line num="147" count="29" type="stmt"/>
      <line num="148" count="29" type="stmt"/>
      <line num="149" count="29" type="stmt"/>
      <line num="150" count="29" type="stmt"/>
      <line num="151" count="29" type="stmt"/>
      <line num="152" count="29" type="cond" truecount="1" falsecount="0"/>
      <line num="153" count="2" type="cond" truecount="1" falsecount="0"/>
      <line num="154" count="27" type="stmt"/>
      <line num="155" count="29" type="stmt"/>
      <line num="156" count="29" type="stmt"/>
      <line num="157" count="29" type="stmt"/>
      <line num="158" count="21" type="cond" truecount="1" falsecount="0"/>
      <line num="159" count="1" type="stmt"/>
      <line num="160" count="1" type="stmt"/>
      <line num="161" count="1" type="stmt"/>
      <line num="162" count="1" type="stmt"/>
      <line num="163" count="1" type="stmt"/>
      <line num="164" count="1" type="cond" truecount="1" falsecount="0"/>
      <line num="165" count="1" type="stmt"/>
      <line num="166" count="1" type="stmt"/>
      <line num="167" count="1" type="stmt"/>
      <line num="168" count="1" type="cond" truecount="1" falsecount="0"/>
      <line num="169" count="1" type="stmt"/>
      <line num="170" count="1" type="stmt"/>
      <line num="171" count="1" type="stmt"/>
      <line num="172" count="1" type="stmt"/>
      <line num="173" count="1" type="stmt"/>
    </file>
    <file name="styles.ts" path="C:\Users\lucas\OneDrive\Documentos\react-percentage-circle\src\styles.ts">
      <metrics statements="17" coveredstatements="17" conditionals="3" coveredconditionals="3" methods="3" coveredmethods="3"/>
      <line num="1" count="1" type="stmt"/>
      <line num="2" count="1" type="stmt"/>
      <line num="3" count="29" type="cond" truecount="1" falsecount="0"/>
      <line num="4" count="1" type="stmt"/>
      <line num="5" count="1" type="stmt"/>
      <line num="6" count="1" type="stmt"/>
      <line num="7" count="1" type="stmt"/>
      <line num="8" count="1" type="stmt"/>
      <line num="9" count="29" type="cond" truecount="1" falsecount="0"/>
      <line num="10" count="1" type="stmt"/>
      <line num="11" count="1" type="stmt"/>
      <line num="12" count="1" type="stmt"/>
      <line num="13" count="1" type="stmt"/>
      <line num="14" count="1" type="stmt"/>
      <line num="15" count="1" type="stmt"/>
      <line num="16" count="1" type="stmt"/>
      <line num="17" count="29" type="cond" truecount="1" falsecount="0"/>
    </file>
  </project>
</coverage>
