{"C:\\Users\\lucas\\OneDrive\\Documentos\\react-percentage-circle\\src\\PercentageCircle.tsx": {"path":"C:\\Users\\lucas\\OneDrive\\Documentos\\react-percentage-circle\\src\\PercentageCircle.tsx","all":false,"statementMap":{"0":{"start":{"line":1,"column":0},"end":{"line":1,"column":68}},"1":{"start":{"line":2,"column":0},"end":{"line":2,"column":0}},"2":{"start":{"line":3,"column":0},"end":{"line":3,"column":67}},"3":{"start":{"line":4,"column":0},"end":{"line":4,"column":8}},"4":{"start":{"line":5,"column":0},"end":{"line":5,"column":17}},"5":{"start":{"line":6,"column":0},"end":{"line":6,"column":20}},"6":{"start":{"line":7,"column":0},"end":{"line":7,"column":25}},"7":{"start":{"line":8,"column":0},"end":{"line":8,"column":17}},"8":{"start":{"line":9,"column":0},"end":{"line":9,"column":0}},"9":{"start":{"line":10,"column":0},"end":{"line":10,"column":34}},"10":{"start":{"line":11,"column":0},"end":{"line":11,"column":7}},"11":{"start":{"line":12,"column":0},"end":{"line":12,"column":12}},"12":{"start":{"line":13,"column":0},"end":{"line":13,"column":13}},"13":{"start":{"line":14,"column":0},"end":{"line":14,"column":19}},"14":{"start":{"line":15,"column":0},"end":{"line":15,"column":26}},"15":{"start":{"line":16,"column":0},"end":{"line":16,"column":15}},"16":{"start":{"line":17,"column":0},"end":{"line":17,"column":17}},"17":{"start":{"line":18,"column":0},"end":{"line":18,"column":17}},"18":{"start":{"line":19,"column":0},"end":{"line":19,"column":16}},"19":{"start":{"line":20,"column":0},"end":{"line":20,"column":22}},"20":{"start":{"line":21,"column":0},"end":{"line":21,"column":24}},"21":{"start":{"line":22,"column":0},"end":{"line":22,"column":23}},"22":{"start":{"line":23,"column":0},"end":{"line":23,"column":27}},"23":{"start":{"line":24,"column":0},"end":{"line":24,"column":15}},"24":{"start":{"line":25,"column":0},"end":{"line":25,"column":15}},"25":{"start":{"line":26,"column":0},"end":{"line":26,"column":10}},"26":{"start":{"line":27,"column":0},"end":{"line":27,"column":9}},"27":{"start":{"line":28,"column":0},"end":{"line":28,"column":26}},"28":{"start":{"line":29,"column":0},"end":{"line":29,"column":55}},"29":{"start":{"line":30,"column":0},"end":{"line":30,"column":0}},"30":{"start":{"line":31,"column":0},"end":{"line":31,"column":63}},"31":{"start":{"line":32,"column":0},"end":{"line":32,"column":71}},"32":{"start":{"line":33,"column":0},"end":{"line":33,"column":42}},"33":{"start":{"line":34,"column":0},"end":{"line":34,"column":4}},"34":{"start":{"line":35,"column":0},"end":{"line":35,"column":0}},"35":{"start":{"line":36,"column":0},"end":{"line":36,"column":19}},"36":{"start":{"line":37,"column":0},"end":{"line":37,"column":38}},"37":{"start":{"line":38,"column":0},"end":{"line":38,"column":0}},"38":{"start":{"line":39,"column":0},"end":{"line":39,"column":54}},"39":{"start":{"line":40,"column":0},"end":{"line":40,"column":0}},"40":{"start":{"line":41,"column":0},"end":{"line":41,"column":42}},"41":{"start":{"line":42,"column":0},"end":{"line":42,"column":48}},"42":{"start":{"line":43,"column":0},"end":{"line":43,"column":33}},"43":{"start":{"line":44,"column":0},"end":{"line":44,"column":0}},"44":{"start":{"line":45,"column":0},"end":{"line":45,"column":67}},"45":{"start":{"line":46,"column":0},"end":{"line":46,"column":9}},"46":{"start":{"line":47,"column":0},"end":{"line":47,"column":0}},"47":{"start":{"line":48,"column":0},"end":{"line":48,"column":19}},"48":{"start":{"line":49,"column":0},"end":{"line":49,"column":66}},"49":{"start":{"line":50,"column":0},"end":{"line":50,"column":56}},"50":{"start":{"line":51,"column":0},"end":{"line":51,"column":27}},"51":{"start":{"line":52,"column":0},"end":{"line":52,"column":0}},"52":{"start":{"line":53,"column":0},"end":{"line":53,"column":19}},"53":{"start":{"line":54,"column":0},"end":{"line":54,"column":37}},"54":{"start":{"line":55,"column":0},"end":{"line":55,"column":38}},"55":{"start":{"line":56,"column":0},"end":{"line":56,"column":19}},"56":{"start":{"line":57,"column":0},"end":{"line":57,"column":0}},"57":{"start":{"line":58,"column":0},"end":{"line":58,"column":65}},"58":{"start":{"line":59,"column":0},"end":{"line":59,"column":0}},"59":{"start":{"line":60,"column":0},"end":{"line":60,"column":61}},"60":{"start":{"line":61,"column":0},"end":{"line":61,"column":12}},"61":{"start":{"line":62,"column":0},"end":{"line":62,"column":50}},"62":{"start":{"line":63,"column":0},"end":{"line":63,"column":28}},"63":{"start":{"line":64,"column":0},"end":{"line":64,"column":44}},"64":{"start":{"line":65,"column":0},"end":{"line":65,"column":23}},"65":{"start":{"line":66,"column":0},"end":{"line":66,"column":23}},"66":{"start":{"line":67,"column":0},"end":{"line":67,"column":6}},"67":{"start":{"line":68,"column":0},"end":{"line":68,"column":44}},"68":{"start":{"line":69,"column":0},"end":{"line":69,"column":0}},"69":{"start":{"line":70,"column":0},"end":{"line":70,"column":24}},"70":{"start":{"line":71,"column":0},"end":{"line":71,"column":26}},"71":{"start":{"line":72,"column":0},"end":{"line":72,"column":19}},"72":{"start":{"line":73,"column":0},"end":{"line":73,"column":34}},"73":{"start":{"line":74,"column":0},"end":{"line":74,"column":14}},"74":{"start":{"line":75,"column":0},"end":{"line":75,"column":8}},"75":{"start":{"line":76,"column":0},"end":{"line":76,"column":11}},"76":{"start":{"line":77,"column":0},"end":{"line":77,"column":73}},"77":{"start":{"line":78,"column":0},"end":{"line":78,"column":62}},"78":{"start":{"line":79,"column":0},"end":{"line":79,"column":15}},"79":{"start":{"line":80,"column":0},"end":{"line":80,"column":15}},"80":{"start":{"line":81,"column":0},"end":{"line":81,"column":32}},"81":{"start":{"line":82,"column":0},"end":{"line":82,"column":17}},"82":{"start":{"line":83,"column":0},"end":{"line":83,"column":29}},"83":{"start":{"line":84,"column":0},"end":{"line":84,"column":14}},"84":{"start":{"line":85,"column":0},"end":{"line":85,"column":31}},"85":{"start":{"line":86,"column":0},"end":{"line":86,"column":53}},"86":{"start":{"line":87,"column":0},"end":{"line":87,"column":35}},"87":{"start":{"line":88,"column":0},"end":{"line":88,"column":22}},"88":{"start":{"line":89,"column":0},"end":{"line":89,"column":27}},"89":{"start":{"line":90,"column":0},"end":{"line":90,"column":15}},"90":{"start":{"line":91,"column":0},"end":{"line":91,"column":29}},"91":{"start":{"line":92,"column":0},"end":{"line":92,"column":67}},"92":{"start":{"line":93,"column":0},"end":{"line":93,"column":72}},"93":{"start":{"line":94,"column":0},"end":{"line":94,"column":8}},"94":{"start":{"line":95,"column":0},"end":{"line":95,"column":14}},"95":{"start":{"line":96,"column":0},"end":{"line":96,"column":4}},"96":{"start":{"line":97,"column":0},"end":{"line":97,"column":0}},"97":{"start":{"line":98,"column":0},"end":{"line":98,"column":44}},"98":{"start":{"line":99,"column":0},"end":{"line":99,"column":53}},"99":{"start":{"line":100,"column":0},"end":{"line":100,"column":13}},"100":{"start":{"line":101,"column":0},"end":{"line":101,"column":0}},"101":{"start":{"line":102,"column":0},"end":{"line":102,"column":75}},"102":{"start":{"line":103,"column":0},"end":{"line":103,"column":73}},"103":{"start":{"line":104,"column":0},"end":{"line":104,"column":39}},"104":{"start":{"line":105,"column":0},"end":{"line":105,"column":0}},"105":{"start":{"line":106,"column":0},"end":{"line":106,"column":70}},"106":{"start":{"line":107,"column":0},"end":{"line":107,"column":27}},"107":{"start":{"line":108,"column":0},"end":{"line":108,"column":0}},"108":{"start":{"line":109,"column":0},"end":{"line":109,"column":45}},"109":{"start":{"line":110,"column":0},"end":{"line":110,"column":52}},"110":{"start":{"line":111,"column":0},"end":{"line":111,"column":25}},"111":{"start":{"line":112,"column":0},"end":{"line":112,"column":23}},"112":{"start":{"line":113,"column":0},"end":{"line":113,"column":0}},"113":{"start":{"line":114,"column":0},"end":{"line":114,"column":34}},"114":{"start":{"line":115,"column":0},"end":{"line":115,"column":37}},"115":{"start":{"line":116,"column":0},"end":{"line":116,"column":53}},"116":{"start":{"line":117,"column":0},"end":{"line":117,"column":4}},"117":{"start":{"line":118,"column":0},"end":{"line":118,"column":0}},"118":{"start":{"line":119,"column":0},"end":{"line":119,"column":34}},"119":{"start":{"line":120,"column":0},"end":{"line":120,"column":37}},"120":{"start":{"line":121,"column":0},"end":{"line":121,"column":54}},"121":{"start":{"line":122,"column":0},"end":{"line":122,"column":4}},"122":{"start":{"line":123,"column":0},"end":{"line":123,"column":0}},"123":{"start":{"line":124,"column":0},"end":{"line":124,"column":29}},"124":{"start":{"line":125,"column":0},"end":{"line":125,"column":27}},"125":{"start":{"line":126,"column":0},"end":{"line":126,"column":4}},"126":{"start":{"line":127,"column":0},"end":{"line":127,"column":0}},"127":{"start":{"line":128,"column":0},"end":{"line":128,"column":10}},"128":{"start":{"line":129,"column":0},"end":{"line":129,"column":8}},"129":{"start":{"line":130,"column":0},"end":{"line":130,"column":29}},"130":{"start":{"line":131,"column":0},"end":{"line":131,"column":37}},"131":{"start":{"line":132,"column":0},"end":{"line":132,"column":37}},"132":{"start":{"line":133,"column":0},"end":{"line":133,"column":27}},"133":{"start":{"line":134,"column":0},"end":{"line":134,"column":14}},"134":{"start":{"line":135,"column":0},"end":{"line":135,"column":21}},"135":{"start":{"line":136,"column":0},"end":{"line":136,"column":20}},"136":{"start":{"line":137,"column":0},"end":{"line":137,"column":21}},"137":{"start":{"line":138,"column":0},"end":{"line":138,"column":29}},"138":{"start":{"line":139,"column":0},"end":{"line":139,"column":8}},"139":{"start":{"line":140,"column":0},"end":{"line":140,"column":5}},"140":{"start":{"line":141,"column":0},"end":{"line":141,"column":32}},"141":{"start":{"line":142,"column":0},"end":{"line":142,"column":12}},"142":{"start":{"line":143,"column":0},"end":{"line":143,"column":27}},"143":{"start":{"line":144,"column":0},"end":{"line":144,"column":30}},"144":{"start":{"line":145,"column":0},"end":{"line":145,"column":41}},"145":{"start":{"line":146,"column":0},"end":{"line":146,"column":9}},"146":{"start":{"line":147,"column":0},"end":{"line":147,"column":26}},"147":{"start":{"line":148,"column":0},"end":{"line":148,"column":76}},"148":{"start":{"line":149,"column":0},"end":{"line":149,"column":14}},"149":{"start":{"line":150,"column":0},"end":{"line":150,"column":12}},"150":{"start":{"line":151,"column":0},"end":{"line":151,"column":61}},"151":{"start":{"line":152,"column":0},"end":{"line":152,"column":19}},"152":{"start":{"line":153,"column":0},"end":{"line":153,"column":72}},"153":{"start":{"line":154,"column":0},"end":{"line":154,"column":65}},"154":{"start":{"line":155,"column":0},"end":{"line":155,"column":12}},"155":{"start":{"line":156,"column":0},"end":{"line":156,"column":10}},"156":{"start":{"line":157,"column":0},"end":{"line":157,"column":4}},"157":{"start":{"line":158,"column":0},"end":{"line":158,"column":2}},"158":{"start":{"line":159,"column":0},"end":{"line":159,"column":0}},"159":{"start":{"line":160,"column":0},"end":{"line":160,"column":41}},"160":{"start":{"line":161,"column":0},"end":{"line":161,"column":12}},"161":{"start":{"line":162,"column":0},"end":{"line":162,"column":16}},"162":{"start":{"line":163,"column":0},"end":{"line":163,"column":16}},"163":{"start":{"line":164,"column":0},"end":{"line":164,"column":53}},"164":{"start":{"line":165,"column":0},"end":{"line":165,"column":37}},"165":{"start":{"line":166,"column":0},"end":{"line":166,"column":39}},"166":{"start":{"line":167,"column":0},"end":{"line":167,"column":25}},"167":{"start":{"line":168,"column":0},"end":{"line":168,"column":74}},"168":{"start":{"line":169,"column":0},"end":{"line":169,"column":30}},"169":{"start":{"line":170,"column":0},"end":{"line":170,"column":31}},"170":{"start":{"line":171,"column":0},"end":{"line":171,"column":2}},"171":{"start":{"line":172,"column":0},"end":{"line":172,"column":0}},"172":{"start":{"line":173,"column":0},"end":{"line":173,"column":45}}},"s":{"0":1,"1":1,"2":1,"3":1,"4":1,"5":1,"6":1,"7":1,"8":1,"9":1,"10":29,"11":29,"12":29,"13":29,"14":29,"15":29,"16":29,"17":29,"18":29,"19":29,"20":29,"21":29,"22":29,"23":29,"24":29,"25":29,"26":29,"27":29,"28":29,"29":29,"30":29,"31":29,"32":29,"33":29,"34":29,"35":29,"36":20,"37":2,"38":2,"39":2,"40":2,"41":40,"42":2,"43":2,"44":2,"45":29,"46":29,"47":29,"48":25,"49":25,"50":29,"51":29,"52":29,"53":21,"54":19,"55":29,"56":29,"57":29,"58":29,"59":29,"60":25,"61":25,"62":25,"63":25,"64":25,"65":25,"66":25,"67":29,"68":29,"69":29,"70":58,"71":58,"72":58,"73":58,"74":58,"75":58,"76":58,"77":58,"78":58,"79":58,"80":58,"81":58,"82":58,"83":58,"84":58,"85":58,"86":58,"87":58,"88":58,"89":58,"90":58,"91":29,"92":29,"93":58,"94":58,"95":29,"96":29,"97":29,"98":20,"99":29,"100":29,"101":29,"102":25,"103":25,"104":5,"105":5,"106":29,"107":29,"108":29,"109":22,"110":18,"111":29,"112":29,"113":29,"114":3,"115":3,"116":3,"117":29,"118":29,"119":2,"120":2,"121":2,"122":29,"123":29,"124":2,"125":2,"126":29,"127":29,"128":29,"129":29,"130":29,"131":29,"132":29,"133":29,"134":29,"135":29,"136":29,"137":29,"138":29,"139":29,"140":29,"141":29,"142":29,"143":29,"144":29,"145":29,"146":29,"147":29,"148":29,"149":29,"150":29,"151":29,"152":2,"153":27,"154":29,"155":29,"156":29,"157":21,"158":1,"159":1,"160":1,"161":1,"162":1,"163":1,"164":1,"165":1,"166":1,"167":1,"168":1,"169":1,"170":1,"171":1,"172":1},"branchMap":{"0":{"type":"branch","line":10,"loc":{"start":{"line":10,"column":32},"end":{"line":158,"column":2}},"locations":[{"start":{"line":10,"column":32},"end":{"line":158,"column":2}}]},"1":{"type":"branch","line":33,"loc":{"start":{"line":33,"column":5},"end":{"line":33,"column":41}},"locations":[{"start":{"line":33,"column":5},"end":{"line":33,"column":41}}]},"2":{"type":"branch","line":33,"loc":{"start":{"line":33,"column":28},"end":{"line":33,"column":42}},"locations":[{"start":{"line":33,"column":28},"end":{"line":33,"column":42}}]},"3":{"type":"branch","line":138,"loc":{"start":{"line":138,"column":16},"end":{"line":138,"column":29}},"locations":[{"start":{"line":138,"column":16},"end":{"line":138,"column":29}}]},"4":{"type":"branch","line":152,"loc":{"start":{"line":152,"column":9},"end":{"line":153,"column":72}},"locations":[{"start":{"line":152,"column":9},"end":{"line":153,"column":72}}]},"5":{"type":"branch","line":153,"loc":{"start":{"line":153,"column":71},"end":{"line":154,"column":65}},"locations":[{"start":{"line":153,"column":71},"end":{"line":154,"column":65}}]},"6":{"type":"branch","line":36,"loc":{"start":{"line":36,"column":12},"end":{"line":46,"column":5}},"locations":[{"start":{"line":36,"column":12},"end":{"line":46,"column":5}}]},"7":{"type":"branch","line":37,"loc":{"start":{"line":37,"column":31},"end":{"line":37,"column":38}},"locations":[{"start":{"line":37,"column":31},"end":{"line":37,"column":38}}]},"8":{"type":"branch","line":37,"loc":{"start":{"line":37,"column":31},"end":{"line":45,"column":67}},"locations":[{"start":{"line":37,"column":31},"end":{"line":45,"column":67}}]},"9":{"type":"branch","line":41,"loc":{"start":{"line":41,"column":35},"end":{"line":43,"column":7}},"locations":[{"start":{"line":41,"column":35},"end":{"line":43,"column":7}}]},"10":{"type":"branch","line":42,"loc":{"start":{"line":42,"column":28},"end":{"line":42,"column":46}},"locations":[{"start":{"line":42,"column":28},"end":{"line":42,"column":46}}]},"11":{"type":"branch","line":45,"loc":{"start":{"line":45,"column":11},"end":{"line":45,"column":67}},"locations":[{"start":{"line":45,"column":11},"end":{"line":45,"column":67}}]},"12":{"type":"branch","line":48,"loc":{"start":{"line":48,"column":12},"end":{"line":51,"column":5}},"locations":[{"start":{"line":48,"column":12},"end":{"line":51,"column":5}}]},"13":{"type":"branch","line":49,"loc":{"start":{"line":49,"column":8},"end":{"line":49,"column":66}},"locations":[{"start":{"line":49,"column":8},"end":{"line":49,"column":66}}]},"14":{"type":"branch","line":50,"loc":{"start":{"line":50,"column":6},"end":{"line":50,"column":56}},"locations":[{"start":{"line":50,"column":6},"end":{"line":50,"column":56}}]},"15":{"type":"branch","line":53,"loc":{"start":{"line":53,"column":12},"end":{"line":56,"column":5}},"locations":[{"start":{"line":53,"column":12},"end":{"line":56,"column":5}}]},"16":{"type":"branch","line":54,"loc":{"start":{"line":54,"column":30},"end":{"line":54,"column":37}},"locations":[{"start":{"line":54,"column":30},"end":{"line":54,"column":37}}]},"17":{"type":"branch","line":54,"loc":{"start":{"line":54,"column":30},"end":{"line":55,"column":38}},"locations":[{"start":{"line":54,"column":30},"end":{"line":55,"column":38}}]},"18":{"type":"branch","line":60,"loc":{"start":{"line":60,"column":54},"end":{"line":68,"column":5}},"locations":[{"start":{"line":60,"column":54},"end":{"line":68,"column":5}}]},"19":{"type":"branch","line":70,"loc":{"start":{"line":70,"column":23},"end":{"line":95,"column":14}},"locations":[{"start":{"line":70,"column":23},"end":{"line":95,"column":14}}]},"20":{"type":"branch","line":77,"loc":{"start":{"line":77,"column":19},"end":{"line":77,"column":54}},"locations":[{"start":{"line":77,"column":19},"end":{"line":77,"column":54}}]},"21":{"type":"branch","line":77,"loc":{"start":{"line":77,"column":35},"end":{"line":77,"column":73}},"locations":[{"start":{"line":77,"column":35},"end":{"line":77,"column":73}}]},"22":{"type":"branch","line":78,"loc":{"start":{"line":78,"column":21},"end":{"line":78,"column":58}},"locations":[{"start":{"line":78,"column":21},"end":{"line":78,"column":58}}]},"23":{"type":"branch","line":78,"loc":{"start":{"line":78,"column":37},"end":{"line":78,"column":62}},"locations":[{"start":{"line":78,"column":37},"end":{"line":78,"column":62}}]},"24":{"type":"branch","line":91,"loc":{"start":{"line":91,"column":16},"end":{"line":92,"column":67}},"locations":[{"start":{"line":91,"column":16},"end":{"line":92,"column":67}}]},"25":{"type":"branch","line":92,"loc":{"start":{"line":92,"column":66},"end":{"line":93,"column":72}},"locations":[{"start":{"line":92,"column":66},"end":{"line":93,"column":72}}]},"26":{"type":"branch","line":93,"loc":{"start":{"line":93,"column":12},"end":{"line":93,"column":72}},"locations":[{"start":{"line":93,"column":12},"end":{"line":93,"column":72}}]},"27":{"type":"branch","line":98,"loc":{"start":{"line":98,"column":37},"end":{"line":100,"column":5}},"locations":[{"start":{"line":98,"column":37},"end":{"line":100,"column":5}}]},"28":{"type":"branch","line":102,"loc":{"start":{"line":102,"column":68},"end":{"line":107,"column":5}},"locations":[{"start":{"line":102,"column":68},"end":{"line":107,"column":5}}]},"29":{"type":"branch","line":103,"loc":{"start":{"line":103,"column":29},"end":{"line":103,"column":73}},"locations":[{"start":{"line":103,"column":29},"end":{"line":103,"column":73}}]},"30":{"type":"branch","line":104,"loc":{"start":{"line":104,"column":27},"end":{"line":104,"column":39}},"locations":[{"start":{"line":104,"column":27},"end":{"line":104,"column":39}}]},"31":{"type":"branch","line":104,"loc":{"start":{"line":104,"column":34},"end":{"line":106,"column":70}},"locations":[{"start":{"line":104,"column":34},"end":{"line":106,"column":70}}]},"32":{"type":"branch","line":106,"loc":{"start":{"line":106,"column":31},"end":{"line":106,"column":68}},"locations":[{"start":{"line":106,"column":31},"end":{"line":106,"column":68}}]},"33":{"type":"branch","line":109,"loc":{"start":{"line":109,"column":38},"end":{"line":112,"column":5}},"locations":[{"start":{"line":109,"column":38},"end":{"line":112,"column":5}}]},"34":{"type":"branch","line":110,"loc":{"start":{"line":110,"column":24},"end":{"line":110,"column":52}},"locations":[{"start":{"line":110,"column":24},"end":{"line":110,"column":52}}]},"35":{"type":"branch","line":110,"loc":{"start":{"line":110,"column":46},"end":{"line":111,"column":25}},"locations":[{"start":{"line":110,"column":46},"end":{"line":111,"column":25}}]},"36":{"type":"branch","line":114,"loc":{"start":{"line":114,"column":27},"end":{"line":117,"column":4}},"locations":[{"start":{"line":114,"column":27},"end":{"line":117,"column":4}}]},"37":{"type":"branch","line":115,"loc":{"start":{"line":115,"column":22},"end":{"line":115,"column":37}},"locations":[{"start":{"line":115,"column":22},"end":{"line":115,"column":37}}]},"38":{"type":"branch","line":116,"loc":{"start":{"line":116,"column":33},"end":{"line":116,"column":53}},"locations":[{"start":{"line":116,"column":33},"end":{"line":116,"column":53}}]},"39":{"type":"branch","line":119,"loc":{"start":{"line":119,"column":27},"end":{"line":122,"column":4}},"locations":[{"start":{"line":119,"column":27},"end":{"line":122,"column":4}}]},"40":{"type":"branch","line":120,"loc":{"start":{"line":120,"column":22},"end":{"line":120,"column":37}},"locations":[{"start":{"line":120,"column":22},"end":{"line":120,"column":37}}]},"41":{"type":"branch","line":121,"loc":{"start":{"line":121,"column":33},"end":{"line":121,"column":54}},"locations":[{"start":{"line":121,"column":33},"end":{"line":121,"column":54}}]},"42":{"type":"branch","line":124,"loc":{"start":{"line":124,"column":22},"end":{"line":126,"column":4}},"locations":[{"start":{"line":124,"column":22},"end":{"line":126,"column":4}}]},"43":{"type":"branch","line":125,"loc":{"start":{"line":125,"column":17},"end":{"line":125,"column":27}},"locations":[{"start":{"line":125,"column":17},"end":{"line":125,"column":27}}]},"44":{"type":"branch","line":158,"loc":{"start":{"line":158,"column":0},"end":{"line":158,"column":2}},"locations":[{"start":{"line":158,"column":0},"end":{"line":158,"column":2}}]},"45":{"type":"branch","line":164,"loc":{"start":{"line":164,"column":20},"end":{"line":164,"column":53}},"locations":[{"start":{"line":164,"column":20},"end":{"line":164,"column":53}}]},"46":{"type":"branch","line":168,"loc":{"start":{"line":168,"column":23},"end":{"line":168,"column":74}},"locations":[{"start":{"line":168,"column":23},"end":{"line":168,"column":74}}]}},"b":{"0":[29],"1":[23],"2":[6],"3":[28],"4":[2],"5":[27],"6":[20],"7":[18],"8":[2],"9":[40],"10":[40],"11":[2],"12":[25],"13":[6],"14":[2],"15":[21],"16":[2],"17":[19],"18":[25],"19":[58],"20":[29],"21":[29],"22":[29],"23":[29],"24":[29],"25":[29],"26":[1],"27":[20],"28":[25],"29":[5],"30":[20],"31":[5],"32":[7],"33":[22],"34":[4],"35":[18],"36":[3],"37":[1],"38":[1],"39":[2],"40":[1],"41":[1],"42":[2],"43":[1],"44":[21],"45":[24],"46":[28]},"fnMap":{"0":{"name":"PercentageCircle","decl":{"start":{"line":10,"column":32},"end":{"line":158,"column":2}},"loc":{"start":{"line":10,"column":32},"end":{"line":158,"column":2}},"line":10},"1":{"name":"renderCircle","decl":{"start":{"line":70,"column":23},"end":{"line":95,"column":14}},"loc":{"start":{"line":70,"column":23},"end":{"line":95,"column":14}},"line":70},"2":{"name":"handleMouseEnter","decl":{"start":{"line":114,"column":27},"end":{"line":117,"column":4}},"loc":{"start":{"line":114,"column":27},"end":{"line":117,"column":4}},"line":114},"3":{"name":"handleMouseLeave","decl":{"start":{"line":119,"column":27},"end":{"line":122,"column":4}},"loc":{"start":{"line":119,"column":27},"end":{"line":122,"column":4}},"line":119},"4":{"name":"handleClick","decl":{"start":{"line":124,"column":22},"end":{"line":126,"column":4}},"loc":{"start":{"line":124,"column":22},"end":{"line":126,"column":4}},"line":124},"5":{"name":"get","decl":{"start":{"line":158,"column":0},"end":{"line":158,"column":2}},"loc":{"start":{"line":158,"column":0},"end":{"line":158,"column":2}},"line":158},"6":{"name":"contentToDisplay","decl":{"start":{"line":164,"column":20},"end":{"line":164,"column":53}},"loc":{"start":{"line":164,"column":20},"end":{"line":164,"column":53}},"line":164},"7":{"name":"primaryShadowFilter","decl":{"start":{"line":168,"column":23},"end":{"line":168,"column":74}},"loc":{"start":{"line":168,"column":23},"end":{"line":168,"column":74}},"line":168}},"f":{"0":29,"1":58,"2":3,"3":2,"4":2,"5":21,"6":24,"7":28}}
,"C:\\Users\\lucas\\OneDrive\\Documentos\\react-percentage-circle\\src\\styles.ts": {"path":"C:\\Users\\lucas\\OneDrive\\Documentos\\react-percentage-circle\\src\\styles.ts","all":false,"statementMap":{"0":{"start":{"line":1,"column":0},"end":{"line":1,"column":34}},"1":{"start":{"line":2,"column":0},"end":{"line":2,"column":23}},"2":{"start":{"line":3,"column":0},"end":{"line":3,"column":2}},"3":{"start":{"line":4,"column":0},"end":{"line":4,"column":0}},"4":{"start":{"line":5,"column":0},"end":{"line":5,"column":37}},"5":{"start":{"line":6,"column":0},"end":{"line":6,"column":17}},"6":{"start":{"line":7,"column":0},"end":{"line":7,"column":16}},"7":{"start":{"line":8,"column":0},"end":{"line":8,"column":30}},"8":{"start":{"line":9,"column":0},"end":{"line":9,"column":2}},"9":{"start":{"line":10,"column":0},"end":{"line":10,"column":0}},"10":{"start":{"line":11,"column":0},"end":{"line":11,"column":39}},"11":{"start":{"line":12,"column":0},"end":{"line":12,"column":18}},"12":{"start":{"line":13,"column":0},"end":{"line":13,"column":23}},"13":{"start":{"line":14,"column":0},"end":{"line":14,"column":27}},"14":{"start":{"line":15,"column":0},"end":{"line":15,"column":23}},"15":{"start":{"line":16,"column":0},"end":{"line":16,"column":11}},"16":{"start":{"line":17,"column":0},"end":{"line":17,"column":2}}},"s":{"0":1,"1":1,"2":29,"3":1,"4":1,"5":1,"6":1,"7":1,"8":29,"9":1,"10":1,"11":1,"12":1,"13":1,"14":1,"15":1,"16":29},"branchMap":{"0":{"type":"branch","line":3,"loc":{"start":{"line":3,"column":0},"end":{"line":3,"column":2}},"locations":[{"start":{"line":3,"column":0},"end":{"line":3,"column":2}}]},"1":{"type":"branch","line":9,"loc":{"start":{"line":9,"column":0},"end":{"line":9,"column":2}},"locations":[{"start":{"line":9,"column":0},"end":{"line":9,"column":2}}]},"2":{"type":"branch","line":17,"loc":{"start":{"line":17,"column":0},"end":{"line":17,"column":2}},"locations":[{"start":{"line":17,"column":0},"end":{"line":17,"column":2}}]}},"b":{"0":[29],"1":[29],"2":[29]},"fnMap":{"0":{"name":"get","decl":{"start":{"line":3,"column":0},"end":{"line":3,"column":2}},"loc":{"start":{"line":3,"column":0},"end":{"line":3,"column":2}},"line":3},"1":{"name":"get","decl":{"start":{"line":9,"column":0},"end":{"line":9,"column":2}},"loc":{"start":{"line":9,"column":0},"end":{"line":9,"column":2}},"line":9},"2":{"name":"get","decl":{"start":{"line":17,"column":0},"end":{"line":17,"column":2}},"loc":{"start":{"line":17,"column":0},"end":{"line":17,"column":2}},"line":17}},"f":{"0":29,"1":29,"2":29}}
}
